<?xml version="1.0" encoding="UTF-8"?>
<testng-results ignored="0" total="1" passed="0" failed="1" skipped="0">
  <reporter-output>
  </reporter-output>
  <suite started-at="2025-02-24T11:04:32 CST" name="Default suite" finished-at="2025-02-24T11:04:41 CST" duration-ms="8814">
    <groups>
      <group name="cucumber">
        <method signature="AbstractTestNGCucumberTests.runScenario(io.cucumber.testng.PickleWrapper,io.cucumber.testng.FeatureWrapper)[pri:0, instance:testRunner.TestRun@7dc0f706]" name="runScenario" class="io.cucumber.testng.AbstractTestNGCucumberTests"/>
      </group> <!-- cucumber -->
    </groups>
    <test started-at="2025-02-24T11:04:32 CST" name="Default test" finished-at="2025-02-24T11:04:41 CST" duration-ms="8814">
      <class name="testRunner.TestRun">
        <test-method is-config="true" signature="setUpClass(org.testng.ITestContext)[pri:0, instance:testRunner.TestRun@7dc0f706]" started-at="2025-02-24T11:04:32 CST" name="setUpClass" finished-at="2025-02-24T11:04:33 CST" duration-ms="954" status="PASS">
          <params>
            <param index="0">
              <value>
                <![CDATA[org.testng.TestRunner@2af46afd]]>
              </value>
            </param>
          </params>
          <reporter-output>
          </reporter-output>
        </test-method> <!-- setUpClass -->
        <test-method signature="runScenario(io.cucumber.testng.PickleWrapper,io.cucumber.testng.FeatureWrapper)[pri:0, instance:testRunner.TestRun@7dc0f706]" started-at="2025-02-24T11:04:33 CST" name="runScenario" description="Runs Cucumber Scenarios" data-provider="scenarios" finished-at="2025-02-24T11:04:41 CST" duration-ms="7736" status="FAIL">
          <params>
            <param index="0">
              <value>
                <![CDATA[""]]>
              </value>
            </param>
            <param index="1">
              <value>
                <![CDATA["Batch Page Navigation"]]>
              </value>
            </param>
          </params>
          <exception class="java.lang.NullPointerException">
            <message>
              <![CDATA[Cannot invoke "pageObjects.HomePage.Click_batch_btn()" because "this.picoObject.homePage" is null]]>
            </message>
            <full-stacktrace>
              <![CDATA[java.lang.NullPointerException: Cannot invoke "pageObjects.HomePage.Click_batch_btn()" because "this.picoObject.homePage" is null
at stepDefinitions.BatchSteps.admin_clicks_on_the_batch_menu_from_the_header(BatchSteps.java:33)
at ✽.Admin Clicks on the Batch menu from the header(file:///C:/Users/pavit/git/Final_hackathon_project/LMS-UI-Hackathon-Team15/lmsUI/src/test/resources/FeaturesFiles/TC301_BatchPageNavigation.feature:8)
]]>
            </full-stacktrace>
          </exception> <!-- java.lang.NullPointerException -->
          <reporter-output>
          </reporter-output>
        </test-method> <!-- runScenario -->
        <test-method is-config="true" signature="tearDownClass()[pri:0, instance:testRunner.TestRun@7dc0f706]" started-at="2025-02-24T11:04:41 CST" name="tearDownClass" finished-at="2025-02-24T11:04:41 CST" duration-ms="54" status="PASS">
          <reporter-output>
          </reporter-output>
        </test-method> <!-- tearDownClass -->
      </class> <!-- testRunner.TestRun -->
    </test> <!-- Default test -->
  </suite> <!-- Default suite -->
</testng-results>
