<?xml version="1.0" encoding="UTF-8"?>
<testng-results ignored="0" total="3" passed="3" failed="0" skipped="0">
  <reporter-output>
  </reporter-output>
  <suite started-at="2025-02-24T19:54:49 EST" name="Default suite" finished-at="2025-02-24T19:55:30 EST" duration-ms="40858">
    <groups>
      <group name="cucumber">
        <method signature="AbstractTestNGCucumberTests.runScenario(io.cucumber.testng.PickleWrapper,io.cucumber.testng.FeatureWrapper)[pri:0, instance:testRunner.TestRun@568ff82]" name="runScenario" class="io.cucumber.testng.AbstractTestNGCucumberTests"/>
      </group> <!-- cucumber -->
    </groups>
    <test started-at="2025-02-24T19:54:49 EST" name="Default test" finished-at="2025-02-24T19:55:30 EST" duration-ms="40858">
      <class name="testRunner.TestRun">
        <test-method is-config="true" signature="setUpClass(org.testng.ITestContext)[pri:0, instance:testRunner.TestRun@568ff82]" started-at="2025-02-24T19:54:49 EST" name="setUpClass" finished-at="2025-02-24T19:54:50 EST" duration-ms="807" status="PASS">
          <params>
            <param index="0">
              <value>
                <![CDATA[org.testng.TestRunner@788e3702]]>
              </value>
            </param>
          </params>
          <reporter-output>
          </reporter-output>
        </test-method> <!-- setUpClass -->
        <test-method signature="runScenario(io.cucumber.testng.PickleWrapper,io.cucumber.testng.FeatureWrapper)[pri:0, instance:testRunner.TestRun@568ff82]" started-at="2025-02-24T19:54:50 EST" name="runScenario" description="Runs Cucumber Scenarios" data-provider="scenarios" finished-at="2025-02-24T19:54:59 EST" duration-ms="8957" status="PASS">
          <params>
            <param index="0">
              <value>
                <![CDATA["Verify Admin is able to land on login page"]]>
              </value>
            </param>
            <param index="1">
              <value>
                <![CDATA["Login  Page Verification"]]>
              </value>
            </param>
          </params>
          <reporter-output>
          </reporter-output>
        </test-method> <!-- runScenario -->
        <test-method signature="runScenario(io.cucumber.testng.PickleWrapper,io.cucumber.testng.FeatureWrapper)[pri:0, instance:testRunner.TestRun@568ff82]" started-at="2025-02-24T19:54:59 EST" name="runScenario" description="Runs Cucumber Scenarios" data-provider="scenarios" finished-at="2025-02-24T19:55:16 EST" duration-ms="17005" status="PASS">
          <params>
            <param index="0">
              <value>
                <![CDATA["Validate login with valid data in all field"]]>
              </value>
            </param>
            <param index="1">
              <value>
                <![CDATA["Login  Page Verification"]]>
              </value>
            </param>
          </params>
          <reporter-output>
          </reporter-output>
        </test-method> <!-- runScenario -->
        <test-method signature="runScenario(io.cucumber.testng.PickleWrapper,io.cucumber.testng.FeatureWrapper)[pri:0, instance:testRunner.TestRun@568ff82]" started-at="2025-02-24T19:55:16 EST" name="runScenario" description="Runs Cucumber Scenarios" data-provider="scenarios" finished-at="2025-02-24T19:55:30 EST" duration-ms="13983" status="PASS">
          <params>
            <param index="0">
              <value>
                <![CDATA["Validate login with valid data in all field"]]>
              </value>
            </param>
            <param index="1">
              <value>
                <![CDATA["Login  Page Verification"]]>
              </value>
            </param>
          </params>
          <reporter-output>
          </reporter-output>
        </test-method> <!-- runScenario -->
        <test-method is-config="true" signature="tearDownClass()[pri:0, instance:testRunner.TestRun@568ff82]" started-at="2025-02-24T19:55:30 EST" name="tearDownClass" finished-at="2025-02-24T19:55:30 EST" duration-ms="32" status="PASS">
          <reporter-output>
          </reporter-output>
        </test-method> <!-- tearDownClass -->
      </class> <!-- testRunner.TestRun -->
    </test> <!-- Default test -->
  </suite> <!-- Default suite -->
</testng-results>
