<?xml version="1.0" encoding="UTF-8"?>
<!-- Generated by org.testng.reporters.JUnitReportReporter -->
<testsuite hostname="LAPTOP-TINQNFE1" failures="0" tests="3" name="testRunner.TestRun" time="33.226" errors="1" timestamp="2025-02-23T21:16:47 EST" skipped="0">
  <testcase classname="testRunner.TestRun" name="runScenario" time="3.638">
    <error message="Cannot invoke &quot;pageObjects.LoginPage.getHomePageObject()&quot; because &quot;this.picoObject.loginPage&quot; is null" type="java.lang.NullPointerException">
      <![CDATA[java.lang.NullPointerException: Cannot invoke "pageObjects.LoginPage.getHomePageObject()" because "this.picoObject.loginPage" is null
at stepDefinitions.ProgramSteps.admin_is_on_home_page_after_login(ProgramSteps.java:30)
at ✽.Admin is on home page after Login(file:///C:/Users/kiran/LMS-UI-Hackathon-Team15/lmsUI/src/test/resources/FeaturesFiles/TC201_ProgramPageValidation.feature:9)
]]>
    </error>
  </testcase> <!-- runScenario -->
  <system-out/>
  <testcase classname="testRunner.TestRun" name="runScenario" time="18.912"/>
  <system-out/>
  <testcase classname="testRunner.TestRun" name="runScenario" time="10.676"/>
  <system-out/>
</testsuite> <!-- testRunner.TestRun -->
