<?xml version="1.0" encoding="UTF-8"?>
<!-- Generated by org.testng.reporters.JUnitReportReporter -->
<testsuite hostname="PavithraSubburaj" failures="0" tests="1" name="testRunner.TestRun" time="7.736" errors="1" timestamp="2025-02-24T11:04:41 CST" skipped="0">
  <testcase classname="testRunner.TestRun" name="runScenario" time="7.736">
    <error message="Cannot invoke &quot;pageObjects.HomePage.Click_batch_btn()&quot; because &quot;this.picoObject.homePage&quot; is null" type="java.lang.NullPointerException">
      <![CDATA[java.lang.NullPointerException: Cannot invoke "pageObjects.HomePage.Click_batch_btn()" because "this.picoObject.homePage" is null
at stepDefinitions.BatchSteps.admin_clicks_on_the_batch_menu_from_the_header(BatchSteps.java:33)
at ✽.Admin Clicks on the Batch menu from the header(file:///C:/Users/pavit/git/Final_hackathon_project/LMS-UI-Hackathon-Team15/lmsUI/src/test/resources/FeaturesFiles/TC301_BatchPageNavigation.feature:8)
]]>
    </error>
  </testcase> <!-- runScenario -->
  <system-out/>
</testsuite> <!-- testRunner.TestRun -->
