<?xml version="1.0" encoding="UTF-8"?>
<!-- Generated by org.testng.reporters.JUnitXMLReporter -->
<testsuite ignored="0" hostname="PavithraSubburaj" failures="1" tests="1" name="Default test" time="8.814" errors="0" timestamp="2025-02-24T11:04:41 CST">
  <testcase classname="io.cucumber.testng.AbstractTestNGCucumberTests" name="runScenario" time="7.736">
    <failure type="java.lang.NullPointerException" message="Cannot invoke &amp;quot;pageObjects.HomePage.Click_batch_btn()&amp;quot; because &amp;quot;this.picoObject.homePage&amp;quot; is null">
      <![CDATA[java.lang.NullPointerException: Cannot invoke "pageObjects.HomePage.Click_batch_btn()" because "this.picoObject.homePage" is null
at stepDefinitions.BatchSteps.admin_clicks_on_the_batch_menu_from_the_header(BatchSteps.java:33)
at ✽.Admin Clicks on the Batch menu from the header(file:///C:/Users/pavit/git/Final_hackathon_project/LMS-UI-Hackathon-Team15/lmsUI/src/test/resources/FeaturesFiles/TC301_BatchPageNavigation.feature:8)
]]>
    </failure>
  </testcase> <!-- runScenario -->
</testsuite> <!-- Default test -->
